[0.102s] DEBUG:colcon:Command line arguments: ['/usr/bin/colcon', 'build', '--symlink-install']
[0.102s] DEBUG:colcon:Parsed command line arguments: Namespace(log_base=None, log_level=None, verb_name='build', build_base='build', install_base='install', merge_install=False, symlink_install=True, test_result_base=None, continue_on_error=False, executor='parallel', parallel_workers=16, event_handlers=None, ignore_user_meta=False, metas=['./colcon.meta'], base_paths=['.'], packages_ignore=None, packages_ignore_regex=None, paths=None, packages_up_to=None, packages_up_to_regex=None, packages_above=None, packages_above_and_dependencies=None, packages_above_depth=None, packages_select_by_dep=None, packages_skip_by_dep=None, packages_skip_up_to=None, packages_select_build_failed=False, packages_skip_build_finished=False, packages_select_test_failures=False, packages_skip_test_passed=False, packages_select=None, packages_skip=None, packages_select_regex=None, packages_skip_regex=None, packages_start=None, packages_end=None, allow_overriding=[], cmake_args=None, cmake_target=None, cmake_target_skip_unavailable=False, cmake_clean_cache=False, cmake_clean_first=False, cmake_force_configure=False, ament_cmake_args=None, catkin_cmake_args=None, catkin_skip_building_tests=False, mixin_files=None, mixin=None, verb_parser=<colcon_mixin.mixin.mixin_argument.MixinArgumentDecorator object at 0x78e0b3d4e800>, verb_extension=<colcon_core.verb.build.BuildVerb object at 0x78e0b3ecfeb0>, main=<bound method BuildVerb.main of <colcon_core.verb.build.BuildVerb object at 0x78e0b3ecfeb0>>, mixin_verb=('build',))
[0.258s] Level 1:colcon.colcon_core.package_discovery:discover_packages(colcon_meta) check parameters
[0.258s] Level 1:colcon.colcon_core.package_discovery:discover_packages(recursive) check parameters
[0.258s] Level 1:colcon.colcon_core.package_discovery:discover_packages(ignore) check parameters
[0.258s] Level 1:colcon.colcon_core.package_discovery:discover_packages(path) check parameters
[0.258s] Level 1:colcon.colcon_core.package_discovery:discover_packages(colcon_meta) discover
[0.258s] Level 1:colcon.colcon_core.package_discovery:discover_packages(recursive) discover
[0.258s] INFO:colcon.colcon_core.package_discovery:Crawling recursively for packages in '/home/fatmacure/ros2DockerProject'
[0.258s] Level 1:colcon.colcon_core.package_identification:_identify(.) by extensions ['ignore', 'ignore_ament_install']
[0.258s] Level 1:colcon.colcon_core.package_identification:_identify(.) by extension 'ignore'
[0.258s] Level 1:colcon.colcon_core.package_identification:_identify(.) by extension 'ignore_ament_install'
[0.258s] Level 1:colcon.colcon_core.package_identification:_identify(.) by extensions ['colcon_pkg']
[0.258s] Level 1:colcon.colcon_core.package_identification:_identify(.) by extension 'colcon_pkg'
[0.258s] Level 1:colcon.colcon_core.package_identification:_identify(.) by extensions ['colcon_meta']
[0.258s] Level 1:colcon.colcon_core.package_identification:_identify(.) by extension 'colcon_meta'
[0.258s] Level 1:colcon.colcon_core.package_identification:_identify(.) by extensions ['ros']
[0.258s] Level 1:colcon.colcon_core.package_identification:_identify(.) by extension 'ros'
[0.266s] Level 1:colcon.colcon_core.package_identification:_identify(.) by extensions ['cmake', 'python']
[0.266s] Level 1:colcon.colcon_core.package_identification:_identify(.) by extension 'cmake'
[0.266s] Level 1:colcon.colcon_core.package_identification:_identify(.) by extension 'python'
[0.266s] Level 1:colcon.colcon_core.package_identification:_identify(.) by extensions ['python_setup_py']
[0.266s] Level 1:colcon.colcon_core.package_identification:_identify(.) by extension 'python_setup_py'
[0.266s] Level 1:colcon.colcon_core.package_identification:_identify(build) by extensions ['ignore', 'ignore_ament_install']
[0.266s] Level 1:colcon.colcon_core.package_identification:_identify(build) by extension 'ignore'
[0.266s] Level 1:colcon.colcon_core.package_identification:_identify(build) ignored
[0.266s] Level 1:colcon.colcon_core.package_identification:_identify(install) by extensions ['ignore', 'ignore_ament_install']
[0.266s] Level 1:colcon.colcon_core.package_identification:_identify(install) by extension 'ignore'
[0.266s] Level 1:colcon.colcon_core.package_identification:_identify(install) ignored
[0.266s] Level 1:colcon.colcon_core.package_identification:_identify(launch) by extensions ['ignore', 'ignore_ament_install']
[0.266s] Level 1:colcon.colcon_core.package_identification:_identify(launch) by extension 'ignore'
[0.266s] Level 1:colcon.colcon_core.package_identification:_identify(launch) by extension 'ignore_ament_install'
[0.266s] Level 1:colcon.colcon_core.package_identification:_identify(launch) by extensions ['colcon_pkg']
[0.266s] Level 1:colcon.colcon_core.package_identification:_identify(launch) by extension 'colcon_pkg'
[0.266s] Level 1:colcon.colcon_core.package_identification:_identify(launch) by extensions ['colcon_meta']
[0.266s] Level 1:colcon.colcon_core.package_identification:_identify(launch) by extension 'colcon_meta'
[0.266s] Level 1:colcon.colcon_core.package_identification:_identify(launch) by extensions ['ros']
[0.266s] Level 1:colcon.colcon_core.package_identification:_identify(launch) by extension 'ros'
[0.266s] Level 1:colcon.colcon_core.package_identification:_identify(launch) by extensions ['cmake', 'python']
[0.266s] Level 1:colcon.colcon_core.package_identification:_identify(launch) by extension 'cmake'
[0.266s] Level 1:colcon.colcon_core.package_identification:_identify(launch) by extension 'python'
[0.266s] Level 1:colcon.colcon_core.package_identification:_identify(launch) by extensions ['python_setup_py']
[0.266s] Level 1:colcon.colcon_core.package_identification:_identify(launch) by extension 'python_setup_py'
[0.266s] Level 1:colcon.colcon_core.package_identification:_identify(log) by extensions ['ignore', 'ignore_ament_install']
[0.266s] Level 1:colcon.colcon_core.package_identification:_identify(log) by extension 'ignore'
[0.266s] Level 1:colcon.colcon_core.package_identification:_identify(log) ignored
[0.266s] Level 1:colcon.colcon_core.package_identification:_identify(src) by extensions ['ignore', 'ignore_ament_install']
[0.266s] Level 1:colcon.colcon_core.package_identification:_identify(src) by extension 'ignore'
[0.266s] Level 1:colcon.colcon_core.package_identification:_identify(src) by extension 'ignore_ament_install'
[0.266s] Level 1:colcon.colcon_core.package_identification:_identify(src) by extensions ['colcon_pkg']
[0.266s] Level 1:colcon.colcon_core.package_identification:_identify(src) by extension 'colcon_pkg'
[0.266s] Level 1:colcon.colcon_core.package_identification:_identify(src) by extensions ['colcon_meta']
[0.266s] Level 1:colcon.colcon_core.package_identification:_identify(src) by extension 'colcon_meta'
[0.266s] Level 1:colcon.colcon_core.package_identification:_identify(src) by extensions ['ros']
[0.266s] Level 1:colcon.colcon_core.package_identification:_identify(src) by extension 'ros'
[0.266s] Level 1:colcon.colcon_core.package_identification:_identify(src) by extensions ['cmake', 'python']
[0.266s] Level 1:colcon.colcon_core.package_identification:_identify(src) by extension 'cmake'
[0.266s] Level 1:colcon.colcon_core.package_identification:_identify(src) by extension 'python'
[0.266s] Level 1:colcon.colcon_core.package_identification:_identify(src) by extensions ['python_setup_py']
[0.266s] Level 1:colcon.colcon_core.package_identification:_identify(src) by extension 'python_setup_py'
[0.266s] Level 1:colcon.colcon_core.package_identification:_identify(src/command_server_pkg) by extensions ['ignore', 'ignore_ament_install']
[0.267s] Level 1:colcon.colcon_core.package_identification:_identify(src/command_server_pkg) by extension 'ignore'
[0.267s] Level 1:colcon.colcon_core.package_identification:_identify(src/command_server_pkg) by extension 'ignore_ament_install'
[0.267s] Level 1:colcon.colcon_core.package_identification:_identify(src/command_server_pkg) by extensions ['colcon_pkg']
[0.267s] Level 1:colcon.colcon_core.package_identification:_identify(src/command_server_pkg) by extension 'colcon_pkg'
[0.267s] Level 1:colcon.colcon_core.package_identification:_identify(src/command_server_pkg) by extensions ['colcon_meta']
[0.267s] Level 1:colcon.colcon_core.package_identification:_identify(src/command_server_pkg) by extension 'colcon_meta'
[0.267s] Level 1:colcon.colcon_core.package_identification:_identify(src/command_server_pkg) by extensions ['ros']
[0.267s] Level 1:colcon.colcon_core.package_identification:_identify(src/command_server_pkg) by extension 'ros'
[0.268s] DEBUG:colcon.colcon_core.package_identification:Package 'src/command_server_pkg' with type 'ros.ament_cmake' and name 'command_server_pkg'
[0.268s] Level 1:colcon.colcon_core.package_identification:_identify(src/data_processor_pkg) by extensions ['ignore', 'ignore_ament_install']
[0.268s] Level 1:colcon.colcon_core.package_identification:_identify(src/data_processor_pkg) by extension 'ignore'
[0.268s] Level 1:colcon.colcon_core.package_identification:_identify(src/data_processor_pkg) by extension 'ignore_ament_install'
[0.269s] Level 1:colcon.colcon_core.package_identification:_identify(src/data_processor_pkg) by extensions ['colcon_pkg']
[0.269s] Level 1:colcon.colcon_core.package_identification:_identify(src/data_processor_pkg) by extension 'colcon_pkg'
[0.269s] Level 1:colcon.colcon_core.package_identification:_identify(src/data_processor_pkg) by extensions ['colcon_meta']
[0.269s] Level 1:colcon.colcon_core.package_identification:_identify(src/data_processor_pkg) by extension 'colcon_meta'
[0.269s] Level 1:colcon.colcon_core.package_identification:_identify(src/data_processor_pkg) by extensions ['ros']
[0.269s] Level 1:colcon.colcon_core.package_identification:_identify(src/data_processor_pkg) by extension 'ros'
[0.269s] DEBUG:colcon.colcon_core.package_identification:Package 'src/data_processor_pkg' with type 'ros.ament_python' and name 'data_processor_pkg'
[0.269s] Level 1:colcon.colcon_core.package_identification:_identify(src/sensor_publisher_pkg) by extensions ['ignore', 'ignore_ament_install']
[0.269s] Level 1:colcon.colcon_core.package_identification:_identify(src/sensor_publisher_pkg) by extension 'ignore'
[0.269s] Level 1:colcon.colcon_core.package_identification:_identify(src/sensor_publisher_pkg) by extension 'ignore_ament_install'
[0.269s] Level 1:colcon.colcon_core.package_identification:_identify(src/sensor_publisher_pkg) by extensions ['colcon_pkg']
[0.269s] Level 1:colcon.colcon_core.package_identification:_identify(src/sensor_publisher_pkg) by extension 'colcon_pkg'
[0.269s] Level 1:colcon.colcon_core.package_identification:_identify(src/sensor_publisher_pkg) by extensions ['colcon_meta']
[0.269s] Level 1:colcon.colcon_core.package_identification:_identify(src/sensor_publisher_pkg) by extension 'colcon_meta'
[0.269s] Level 1:colcon.colcon_core.package_identification:_identify(src/sensor_publisher_pkg) by extensions ['ros']
[0.269s] Level 1:colcon.colcon_core.package_identification:_identify(src/sensor_publisher_pkg) by extension 'ros'
[0.269s] DEBUG:colcon.colcon_core.package_identification:Package 'src/sensor_publisher_pkg' with type 'ros.ament_python' and name 'sensor_publisher_pkg'
[0.269s] Level 1:colcon.colcon_core.package_discovery:discover_packages(recursive) using defaults
[0.269s] Level 1:colcon.colcon_core.package_discovery:discover_packages(ignore) discover
[0.269s] Level 1:colcon.colcon_core.package_discovery:discover_packages(ignore) using defaults
[0.269s] Level 1:colcon.colcon_core.package_discovery:discover_packages(path) discover
[0.269s] Level 1:colcon.colcon_core.package_discovery:discover_packages(path) using defaults
[0.289s] Level 1:colcon.colcon_core.package_discovery:discover_packages(prefix_path) check parameters
[0.289s] Level 1:colcon.colcon_core.package_discovery:discover_packages(prefix_path) discover
[0.292s] DEBUG:colcon.colcon_installed_package_information.package_discovery:Found 3 installed packages in /home/fatmacure/ros2_ws/install
[0.293s] DEBUG:colcon.colcon_installed_package_information.package_discovery:Found 387 installed packages in /opt/ros/humble
[0.294s] Level 1:colcon.colcon_core.package_discovery:discover_packages(prefix_path) using defaults
[0.320s] Level 5:colcon.colcon_core.verb:set package 'command_server_pkg' build argument 'cmake_args' from command line to 'None'
[0.321s] Level 5:colcon.colcon_core.verb:set package 'command_server_pkg' build argument 'cmake_target' from command line to 'None'
[0.321s] Level 5:colcon.colcon_core.verb:set package 'command_server_pkg' build argument 'cmake_target_skip_unavailable' from command line to 'False'
[0.321s] Level 5:colcon.colcon_core.verb:set package 'command_server_pkg' build argument 'cmake_clean_cache' from command line to 'False'
[0.321s] Level 5:colcon.colcon_core.verb:set package 'command_server_pkg' build argument 'cmake_clean_first' from command line to 'False'
[0.321s] Level 5:colcon.colcon_core.verb:set package 'command_server_pkg' build argument 'cmake_force_configure' from command line to 'False'
[0.321s] Level 5:colcon.colcon_core.verb:set package 'command_server_pkg' build argument 'ament_cmake_args' from command line to 'None'
[0.321s] Level 5:colcon.colcon_core.verb:set package 'command_server_pkg' build argument 'catkin_cmake_args' from command line to 'None'
[0.321s] Level 5:colcon.colcon_core.verb:set package 'command_server_pkg' build argument 'catkin_skip_building_tests' from command line to 'False'
[0.321s] DEBUG:colcon.colcon_core.verb:Building package 'command_server_pkg' with the following arguments: {'ament_cmake_args': None, 'build_base': '/home/fatmacure/ros2DockerProject/build/command_server_pkg', 'catkin_cmake_args': None, 'catkin_skip_building_tests': False, 'cmake_args': None, 'cmake_clean_cache': False, 'cmake_clean_first': False, 'cmake_force_configure': False, 'cmake_target': None, 'cmake_target_skip_unavailable': False, 'install_base': '/home/fatmacure/ros2DockerProject/install/command_server_pkg', 'merge_install': False, 'path': '/home/fatmacure/ros2DockerProject/src/command_server_pkg', 'symlink_install': True, 'test_result_base': None}
[0.321s] Level 5:colcon.colcon_core.verb:set package 'data_processor_pkg' build argument 'cmake_args' from command line to 'None'
[0.321s] Level 5:colcon.colcon_core.verb:set package 'data_processor_pkg' build argument 'cmake_target' from command line to 'None'
[0.321s] Level 5:colcon.colcon_core.verb:set package 'data_processor_pkg' build argument 'cmake_target_skip_unavailable' from command line to 'False'
[0.321s] Level 5:colcon.colcon_core.verb:set package 'data_processor_pkg' build argument 'cmake_clean_cache' from command line to 'False'
[0.321s] Level 5:colcon.colcon_core.verb:set package 'data_processor_pkg' build argument 'cmake_clean_first' from command line to 'False'
[0.321s] Level 5:colcon.colcon_core.verb:set package 'data_processor_pkg' build argument 'cmake_force_configure' from command line to 'False'
[0.321s] Level 5:colcon.colcon_core.verb:set package 'data_processor_pkg' build argument 'ament_cmake_args' from command line to 'None'
[0.321s] Level 5:colcon.colcon_core.verb:set package 'data_processor_pkg' build argument 'catkin_cmake_args' from command line to 'None'
[0.321s] Level 5:colcon.colcon_core.verb:set package 'data_processor_pkg' build argument 'catkin_skip_building_tests' from command line to 'False'
[0.321s] DEBUG:colcon.colcon_core.verb:Building package 'data_processor_pkg' with the following arguments: {'ament_cmake_args': None, 'build_base': '/home/fatmacure/ros2DockerProject/build/data_processor_pkg', 'catkin_cmake_args': None, 'catkin_skip_building_tests': False, 'cmake_args': None, 'cmake_clean_cache': False, 'cmake_clean_first': False, 'cmake_force_configure': False, 'cmake_target': None, 'cmake_target_skip_unavailable': False, 'install_base': '/home/fatmacure/ros2DockerProject/install/data_processor_pkg', 'merge_install': False, 'path': '/home/fatmacure/ros2DockerProject/src/data_processor_pkg', 'symlink_install': True, 'test_result_base': None}
[0.321s] Level 5:colcon.colcon_core.verb:set package 'sensor_publisher_pkg' build argument 'cmake_args' from command line to 'None'
[0.321s] Level 5:colcon.colcon_core.verb:set package 'sensor_publisher_pkg' build argument 'cmake_target' from command line to 'None'
[0.321s] Level 5:colcon.colcon_core.verb:set package 'sensor_publisher_pkg' build argument 'cmake_target_skip_unavailable' from command line to 'False'
[0.321s] Level 5:colcon.colcon_core.verb:set package 'sensor_publisher_pkg' build argument 'cmake_clean_cache' from command line to 'False'
[0.321s] Level 5:colcon.colcon_core.verb:set package 'sensor_publisher_pkg' build argument 'cmake_clean_first' from command line to 'False'
[0.321s] Level 5:colcon.colcon_core.verb:set package 'sensor_publisher_pkg' build argument 'cmake_force_configure' from command line to 'False'
[0.321s] Level 5:colcon.colcon_core.verb:set package 'sensor_publisher_pkg' build argument 'ament_cmake_args' from command line to 'None'
[0.321s] Level 5:colcon.colcon_core.verb:set package 'sensor_publisher_pkg' build argument 'catkin_cmake_args' from command line to 'None'
[0.321s] Level 5:colcon.colcon_core.verb:set package 'sensor_publisher_pkg' build argument 'catkin_skip_building_tests' from command line to 'False'
[0.321s] DEBUG:colcon.colcon_core.verb:Building package 'sensor_publisher_pkg' with the following arguments: {'ament_cmake_args': None, 'build_base': '/home/fatmacure/ros2DockerProject/build/sensor_publisher_pkg', 'catkin_cmake_args': None, 'catkin_skip_building_tests': False, 'cmake_args': None, 'cmake_clean_cache': False, 'cmake_clean_first': False, 'cmake_force_configure': False, 'cmake_target': None, 'cmake_target_skip_unavailable': False, 'install_base': '/home/fatmacure/ros2DockerProject/install/sensor_publisher_pkg', 'merge_install': False, 'path': '/home/fatmacure/ros2DockerProject/src/sensor_publisher_pkg', 'symlink_install': True, 'test_result_base': None}
[0.321s] INFO:colcon.colcon_core.executor:Executing jobs using 'parallel' executor
[0.322s] DEBUG:colcon.colcon_parallel_executor.executor.parallel:run_until_complete
[0.322s] INFO:colcon.colcon_ros.task.ament_cmake.build:Building ROS package in '/home/fatmacure/ros2DockerProject/src/command_server_pkg' with build type 'ament_cmake'
[0.322s] INFO:colcon.colcon_cmake.task.cmake.build:Building CMake package in '/home/fatmacure/ros2DockerProject/src/command_server_pkg'
[0.325s] INFO:colcon.colcon_core.plugin_system:Skipping extension 'colcon_core.shell.bat': Not used on non-Windows systems
[0.325s] INFO:colcon.colcon_core.shell:Skip shell extension 'powershell' for command environment: Not usable outside of PowerShell
[0.325s] DEBUG:colcon.colcon_core.shell:Skip shell extension 'dsv' for command environment
[0.328s] INFO:colcon.colcon_ros.task.ament_python.build:Building ROS package in '/home/fatmacure/ros2DockerProject/src/data_processor_pkg' with build type 'ament_python'
[0.328s] Level 1:colcon.colcon_core.shell:create_environment_hook('data_processor_pkg', 'ament_prefix_path')
[0.328s] INFO:colcon.colcon_core.shell:Creating environment hook '/home/fatmacure/ros2DockerProject/install/data_processor_pkg/share/data_processor_pkg/hook/ament_prefix_path.ps1'
[0.329s] INFO:colcon.colcon_core.shell:Creating environment descriptor '/home/fatmacure/ros2DockerProject/install/data_processor_pkg/share/data_processor_pkg/hook/ament_prefix_path.dsv'
[0.329s] INFO:colcon.colcon_core.shell:Creating environment hook '/home/fatmacure/ros2DockerProject/install/data_processor_pkg/share/data_processor_pkg/hook/ament_prefix_path.sh'
[0.330s] INFO:colcon.colcon_core.shell:Skip shell extension 'powershell' for command environment: Not usable outside of PowerShell
[0.330s] DEBUG:colcon.colcon_core.shell:Skip shell extension 'dsv' for command environment
[0.332s] INFO:colcon.colcon_ros.task.ament_python.build:Building ROS package in '/home/fatmacure/ros2DockerProject/src/sensor_publisher_pkg' with build type 'ament_python'
[0.332s] Level 1:colcon.colcon_core.shell:create_environment_hook('sensor_publisher_pkg', 'ament_prefix_path')
[0.332s] INFO:colcon.colcon_core.shell:Creating environment hook '/home/fatmacure/ros2DockerProject/install/sensor_publisher_pkg/share/sensor_publisher_pkg/hook/ament_prefix_path.ps1'
[0.332s] INFO:colcon.colcon_core.shell:Creating environment descriptor '/home/fatmacure/ros2DockerProject/install/sensor_publisher_pkg/share/sensor_publisher_pkg/hook/ament_prefix_path.dsv'
[0.333s] INFO:colcon.colcon_core.shell:Creating environment hook '/home/fatmacure/ros2DockerProject/install/sensor_publisher_pkg/share/sensor_publisher_pkg/hook/ament_prefix_path.sh'
[0.333s] INFO:colcon.colcon_core.shell:Skip shell extension 'powershell' for command environment: Not usable outside of PowerShell
[0.333s] DEBUG:colcon.colcon_core.shell:Skip shell extension 'dsv' for command environment
[0.337s] DEBUG:colcon.colcon_core.event_handler.log_command:Invoking command in '/home/fatmacure/ros2DockerProject/build/command_server_pkg': CMAKE_PREFIX_PATH=${CMAKE_PREFIX_PATH}:/home/fatmacure/ros2_ws/install/ball_chaser:/opt/ros/humble /usr/bin/cmake /home/fatmacure/ros2DockerProject/src/command_server_pkg -DAMENT_CMAKE_SYMLINK_INSTALL=1 -DCMAKE_INSTALL_PREFIX=/home/fatmacure/ros2DockerProject/install/command_server_pkg
[0.488s] INFO:colcon.colcon_core.task.python.build:Building Python package in '/home/fatmacure/ros2DockerProject/src/data_processor_pkg'
[0.488s] INFO:colcon.colcon_core.shell:Skip shell extension 'powershell' for command environment: Not usable outside of PowerShell
[0.488s] DEBUG:colcon.colcon_core.shell:Skip shell extension 'dsv' for command environment
[0.636s] INFO:colcon.colcon_core.task.python.build:Building Python package in '/home/fatmacure/ros2DockerProject/src/sensor_publisher_pkg'
[0.637s] INFO:colcon.colcon_core.shell:Skip shell extension 'powershell' for command environment: Not usable outside of PowerShell
[0.637s] DEBUG:colcon.colcon_core.shell:Skip shell extension 'dsv' for command environment
[0.910s] DEBUG:colcon.colcon_core.event_handler.log_command:Invoking command in '/home/fatmacure/ros2DockerProject/build/sensor_publisher_pkg': PYTHONPATH=/home/fatmacure/ros2DockerProject/build/sensor_publisher_pkg/prefix_override:/usr/lib/python3/dist-packages/colcon_core/task/python/colcon_distutils_commands:/home/fatmacure/ros2DockerProject/install/sensor_publisher_pkg/lib/python3.10/site-packages:${PYTHONPATH} /usr/bin/python3 -W ignore:setup.py install is deprecated -W ignore:easy_install command is deprecated setup.py develop --editable --build-directory /home/fatmacure/ros2DockerProject/build/sensor_publisher_pkg/build --no-deps symlink_data
[0.911s] DEBUG:colcon.colcon_core.event_handler.log_command:Invoking command in '/home/fatmacure/ros2DockerProject/build/data_processor_pkg': PYTHONPATH=/home/fatmacure/ros2DockerProject/build/data_processor_pkg/prefix_override:/usr/lib/python3/dist-packages/colcon_core/task/python/colcon_distutils_commands:/home/fatmacure/ros2DockerProject/install/data_processor_pkg/lib/python3.10/site-packages:${PYTHONPATH} /usr/bin/python3 -W ignore:setup.py install is deprecated -W ignore:easy_install command is deprecated setup.py develop --editable --build-directory /home/fatmacure/ros2DockerProject/build/data_processor_pkg/build --no-deps symlink_data
[1.153s] Level 1:colcon.colcon_core.shell:create_environment_hook('sensor_publisher_pkg', 'pythonpath_develop')
[1.153s] INFO:colcon.colcon_core.shell:Creating environment hook '/home/fatmacure/ros2DockerProject/build/sensor_publisher_pkg/share/sensor_publisher_pkg/hook/pythonpath_develop.ps1'
[1.154s] DEBUG:colcon.colcon_core.event_handler.log_command:Invoked command in '/home/fatmacure/ros2DockerProject/build/sensor_publisher_pkg' returned '0': PYTHONPATH=/home/fatmacure/ros2DockerProject/build/sensor_publisher_pkg/prefix_override:/usr/lib/python3/dist-packages/colcon_core/task/python/colcon_distutils_commands:/home/fatmacure/ros2DockerProject/install/sensor_publisher_pkg/lib/python3.10/site-packages:${PYTHONPATH} /usr/bin/python3 -W ignore:setup.py install is deprecated -W ignore:easy_install command is deprecated setup.py develop --editable --build-directory /home/fatmacure/ros2DockerProject/build/sensor_publisher_pkg/build --no-deps symlink_data
[1.154s] INFO:colcon.colcon_core.shell:Creating environment descriptor '/home/fatmacure/ros2DockerProject/build/sensor_publisher_pkg/share/sensor_publisher_pkg/hook/pythonpath_develop.dsv'
[1.154s] INFO:colcon.colcon_core.shell:Creating environment hook '/home/fatmacure/ros2DockerProject/build/sensor_publisher_pkg/share/sensor_publisher_pkg/hook/pythonpath_develop.sh'
[1.159s] Level 1:colcon.colcon_core.environment:checking '/home/fatmacure/ros2DockerProject/install/sensor_publisher_pkg' for CMake module files
[1.159s] Level 1:colcon.colcon_core.environment:checking '/home/fatmacure/ros2DockerProject/install/sensor_publisher_pkg' for CMake config files
[1.159s] Level 1:colcon.colcon_core.environment:checking '/home/fatmacure/ros2DockerProject/install/sensor_publisher_pkg/lib'
[1.160s] Level 1:colcon.colcon_core.environment:checking '/home/fatmacure/ros2DockerProject/install/sensor_publisher_pkg/bin'
[1.160s] Level 1:colcon.colcon_core.environment:checking '/home/fatmacure/ros2DockerProject/install/sensor_publisher_pkg/lib/pkgconfig/sensor_publisher_pkg.pc'
[1.160s] Level 1:colcon.colcon_core.environment:checking '/home/fatmacure/ros2DockerProject/install/sensor_publisher_pkg/lib/python3.10/site-packages'
[1.160s] Level 1:colcon.colcon_core.shell:create_environment_hook('sensor_publisher_pkg', 'pythonpath')
[1.160s] INFO:colcon.colcon_core.shell:Creating environment hook '/home/fatmacure/ros2DockerProject/install/sensor_publisher_pkg/share/sensor_publisher_pkg/hook/pythonpath.ps1'
[1.160s] INFO:colcon.colcon_core.shell:Creating environment descriptor '/home/fatmacure/ros2DockerProject/install/sensor_publisher_pkg/share/sensor_publisher_pkg/hook/pythonpath.dsv'
[1.160s] INFO:colcon.colcon_core.shell:Creating environment hook '/home/fatmacure/ros2DockerProject/install/sensor_publisher_pkg/share/sensor_publisher_pkg/hook/pythonpath.sh'
[1.160s] Level 1:colcon.colcon_core.environment:checking '/home/fatmacure/ros2DockerProject/install/sensor_publisher_pkg/bin'
[1.161s] Level 1:colcon.colcon_core.environment:create_environment_scripts_only(sensor_publisher_pkg)
[1.161s] INFO:colcon.colcon_core.shell:Creating package script '/home/fatmacure/ros2DockerProject/install/sensor_publisher_pkg/share/sensor_publisher_pkg/package.ps1'
[1.161s] INFO:colcon.colcon_core.shell:Creating package descriptor '/home/fatmacure/ros2DockerProject/install/sensor_publisher_pkg/share/sensor_publisher_pkg/package.dsv'
[1.162s] INFO:colcon.colcon_core.shell:Creating package script '/home/fatmacure/ros2DockerProject/install/sensor_publisher_pkg/share/sensor_publisher_pkg/package.sh'
[1.162s] INFO:colcon.colcon_core.shell:Creating package script '/home/fatmacure/ros2DockerProject/install/sensor_publisher_pkg/share/sensor_publisher_pkg/package.bash'
[1.163s] INFO:colcon.colcon_core.shell:Creating package script '/home/fatmacure/ros2DockerProject/install/sensor_publisher_pkg/share/sensor_publisher_pkg/package.zsh'
[1.163s] Level 1:colcon.colcon_core.environment:create_file_with_runtime_dependencies(/home/fatmacure/ros2DockerProject/install/sensor_publisher_pkg/share/colcon-core/packages/sensor_publisher_pkg)
[1.166s] Level 1:colcon.colcon_core.shell:create_environment_hook('data_processor_pkg', 'pythonpath_develop')
[1.166s] INFO:colcon.colcon_core.shell:Creating environment hook '/home/fatmacure/ros2DockerProject/build/data_processor_pkg/share/data_processor_pkg/hook/pythonpath_develop.ps1'
[1.166s] DEBUG:colcon.colcon_core.event_handler.log_command:Invoked command in '/home/fatmacure/ros2DockerProject/build/data_processor_pkg' returned '0': PYTHONPATH=/home/fatmacure/ros2DockerProject/build/data_processor_pkg/prefix_override:/usr/lib/python3/dist-packages/colcon_core/task/python/colcon_distutils_commands:/home/fatmacure/ros2DockerProject/install/data_processor_pkg/lib/python3.10/site-packages:${PYTHONPATH} /usr/bin/python3 -W ignore:setup.py install is deprecated -W ignore:easy_install command is deprecated setup.py develop --editable --build-directory /home/fatmacure/ros2DockerProject/build/data_processor_pkg/build --no-deps symlink_data
[1.166s] INFO:colcon.colcon_core.shell:Creating environment descriptor '/home/fatmacure/ros2DockerProject/build/data_processor_pkg/share/data_processor_pkg/hook/pythonpath_develop.dsv'
[1.167s] INFO:colcon.colcon_core.shell:Creating environment hook '/home/fatmacure/ros2DockerProject/build/data_processor_pkg/share/data_processor_pkg/hook/pythonpath_develop.sh'
[1.167s] Level 1:colcon.colcon_core.environment:checking '/home/fatmacure/ros2DockerProject/install/data_processor_pkg' for CMake module files
[1.167s] Level 1:colcon.colcon_core.environment:checking '/home/fatmacure/ros2DockerProject/install/data_processor_pkg' for CMake config files
[1.167s] Level 1:colcon.colcon_core.environment:checking '/home/fatmacure/ros2DockerProject/install/data_processor_pkg/lib'
[1.167s] Level 1:colcon.colcon_core.environment:checking '/home/fatmacure/ros2DockerProject/install/data_processor_pkg/bin'
[1.167s] Level 1:colcon.colcon_core.environment:checking '/home/fatmacure/ros2DockerProject/install/data_processor_pkg/lib/pkgconfig/data_processor_pkg.pc'
[1.167s] Level 1:colcon.colcon_core.environment:checking '/home/fatmacure/ros2DockerProject/install/data_processor_pkg/lib/python3.10/site-packages'
[1.167s] Level 1:colcon.colcon_core.shell:create_environment_hook('data_processor_pkg', 'pythonpath')
[1.168s] INFO:colcon.colcon_core.shell:Creating environment hook '/home/fatmacure/ros2DockerProject/install/data_processor_pkg/share/data_processor_pkg/hook/pythonpath.ps1'
[1.168s] INFO:colcon.colcon_core.shell:Creating environment descriptor '/home/fatmacure/ros2DockerProject/install/data_processor_pkg/share/data_processor_pkg/hook/pythonpath.dsv'
[1.168s] INFO:colcon.colcon_core.shell:Creating environment hook '/home/fatmacure/ros2DockerProject/install/data_processor_pkg/share/data_processor_pkg/hook/pythonpath.sh'
[1.168s] Level 1:colcon.colcon_core.environment:checking '/home/fatmacure/ros2DockerProject/install/data_processor_pkg/bin'
[1.168s] Level 1:colcon.colcon_core.environment:create_environment_scripts_only(data_processor_pkg)
[1.168s] INFO:colcon.colcon_core.shell:Creating package script '/home/fatmacure/ros2DockerProject/install/data_processor_pkg/share/data_processor_pkg/package.ps1'
[1.169s] INFO:colcon.colcon_core.shell:Creating package descriptor '/home/fatmacure/ros2DockerProject/install/data_processor_pkg/share/data_processor_pkg/package.dsv'
[1.169s] INFO:colcon.colcon_core.shell:Creating package script '/home/fatmacure/ros2DockerProject/install/data_processor_pkg/share/data_processor_pkg/package.sh'
[1.169s] INFO:colcon.colcon_core.shell:Creating package script '/home/fatmacure/ros2DockerProject/install/data_processor_pkg/share/data_processor_pkg/package.bash'
[1.169s] INFO:colcon.colcon_core.shell:Creating package script '/home/fatmacure/ros2DockerProject/install/data_processor_pkg/share/data_processor_pkg/package.zsh'
[1.169s] Level 1:colcon.colcon_core.environment:create_file_with_runtime_dependencies(/home/fatmacure/ros2DockerProject/install/data_processor_pkg/share/colcon-core/packages/data_processor_pkg)
[1.482s] DEBUG:colcon.colcon_core.event_handler.log_command:Invoked command in '/home/fatmacure/ros2DockerProject/build/command_server_pkg' returned '0': CMAKE_PREFIX_PATH=${CMAKE_PREFIX_PATH}:/home/fatmacure/ros2_ws/install/ball_chaser:/opt/ros/humble /usr/bin/cmake /home/fatmacure/ros2DockerProject/src/command_server_pkg -DAMENT_CMAKE_SYMLINK_INSTALL=1 -DCMAKE_INSTALL_PREFIX=/home/fatmacure/ros2DockerProject/install/command_server_pkg
[1.483s] DEBUG:colcon.colcon_core.event_handler.log_command:Invoking command in '/home/fatmacure/ros2DockerProject/build/command_server_pkg': CMAKE_PREFIX_PATH=${CMAKE_PREFIX_PATH}:/home/fatmacure/ros2_ws/install/ball_chaser:/opt/ros/humble /usr/bin/cmake --build /home/fatmacure/ros2DockerProject/build/command_server_pkg -- -j16 -l16
[2.675s] DEBUG:colcon.colcon_core.event_handler.log_command:Invoked command in '/home/fatmacure/ros2DockerProject/build/command_server_pkg' returned '0': CMAKE_PREFIX_PATH=${CMAKE_PREFIX_PATH}:/home/fatmacure/ros2_ws/install/ball_chaser:/opt/ros/humble /usr/bin/cmake --build /home/fatmacure/ros2DockerProject/build/command_server_pkg -- -j16 -l16
[2.683s] DEBUG:colcon.colcon_core.event_handler.log_command:Invoking command in '/home/fatmacure/ros2DockerProject/build/command_server_pkg': CMAKE_PREFIX_PATH=${CMAKE_PREFIX_PATH}:/home/fatmacure/ros2_ws/install/ball_chaser:/opt/ros/humble /usr/bin/cmake --install /home/fatmacure/ros2DockerProject/build/command_server_pkg
[3.178s] Level 1:colcon.colcon_core.environment:create_environment_scripts_only(command_server_pkg)
[3.178s] Level 1:colcon.colcon_core.environment:checking '/home/fatmacure/ros2DockerProject/install/command_server_pkg' for CMake module files
[3.178s] DEBUG:colcon.colcon_core.event_handler.log_command:Invoked command in '/home/fatmacure/ros2DockerProject/build/command_server_pkg' returned '0': CMAKE_PREFIX_PATH=${CMAKE_PREFIX_PATH}:/home/fatmacure/ros2_ws/install/ball_chaser:/opt/ros/humble /usr/bin/cmake --install /home/fatmacure/ros2DockerProject/build/command_server_pkg
[3.179s] Level 1:colcon.colcon_core.environment:checking '/home/fatmacure/ros2DockerProject/install/command_server_pkg' for CMake config files
[3.179s] Level 1:colcon.colcon_core.shell:create_environment_hook('command_server_pkg', 'cmake_prefix_path')
[3.179s] INFO:colcon.colcon_core.shell:Creating environment hook '/home/fatmacure/ros2DockerProject/install/command_server_pkg/share/command_server_pkg/hook/cmake_prefix_path.ps1'
[3.179s] INFO:colcon.colcon_core.shell:Creating environment descriptor '/home/fatmacure/ros2DockerProject/install/command_server_pkg/share/command_server_pkg/hook/cmake_prefix_path.dsv'
[3.180s] INFO:colcon.colcon_core.shell:Creating environment hook '/home/fatmacure/ros2DockerProject/install/command_server_pkg/share/command_server_pkg/hook/cmake_prefix_path.sh'
[3.180s] Level 1:colcon.colcon_core.environment:checking '/home/fatmacure/ros2DockerProject/install/command_server_pkg/lib'
[3.180s] Level 1:colcon.colcon_core.shell:create_environment_hook('command_server_pkg', 'ld_library_path_lib')
[3.180s] INFO:colcon.colcon_core.shell:Creating environment hook '/home/fatmacure/ros2DockerProject/install/command_server_pkg/share/command_server_pkg/hook/ld_library_path_lib.ps1'
[3.180s] INFO:colcon.colcon_core.shell:Creating environment descriptor '/home/fatmacure/ros2DockerProject/install/command_server_pkg/share/command_server_pkg/hook/ld_library_path_lib.dsv'
[3.180s] INFO:colcon.colcon_core.shell:Creating environment hook '/home/fatmacure/ros2DockerProject/install/command_server_pkg/share/command_server_pkg/hook/ld_library_path_lib.sh'
[3.180s] Level 1:colcon.colcon_core.environment:checking '/home/fatmacure/ros2DockerProject/install/command_server_pkg/bin'
[3.180s] Level 1:colcon.colcon_core.environment:checking '/home/fatmacure/ros2DockerProject/install/command_server_pkg/lib/pkgconfig/command_server_pkg.pc'
[3.181s] Level 1:colcon.colcon_core.environment:checking '/home/fatmacure/ros2DockerProject/install/command_server_pkg/lib/python3.10/site-packages'
[3.181s] Level 1:colcon.colcon_core.environment:checking '/home/fatmacure/ros2DockerProject/install/command_server_pkg/bin'
[3.181s] INFO:colcon.colcon_core.shell:Creating package script '/home/fatmacure/ros2DockerProject/install/command_server_pkg/share/command_server_pkg/package.ps1'
[3.181s] INFO:colcon.colcon_core.shell:Creating package descriptor '/home/fatmacure/ros2DockerProject/install/command_server_pkg/share/command_server_pkg/package.dsv'
[3.181s] INFO:colcon.colcon_core.shell:Creating package script '/home/fatmacure/ros2DockerProject/install/command_server_pkg/share/command_server_pkg/package.sh'
[3.182s] INFO:colcon.colcon_core.shell:Creating package script '/home/fatmacure/ros2DockerProject/install/command_server_pkg/share/command_server_pkg/package.bash'
[3.182s] INFO:colcon.colcon_core.shell:Creating package script '/home/fatmacure/ros2DockerProject/install/command_server_pkg/share/command_server_pkg/package.zsh'
[3.182s] Level 1:colcon.colcon_core.environment:create_file_with_runtime_dependencies(/home/fatmacure/ros2DockerProject/install/command_server_pkg/share/colcon-core/packages/command_server_pkg)
[3.182s] Level 1:colcon.colcon_core.environment:create_environment_scripts_only(command_server_pkg)
[3.182s] Level 1:colcon.colcon_core.environment:checking '/home/fatmacure/ros2DockerProject/install/command_server_pkg' for CMake module files
[3.183s] Level 1:colcon.colcon_core.environment:checking '/home/fatmacure/ros2DockerProject/install/command_server_pkg' for CMake config files
[3.183s] Level 1:colcon.colcon_core.shell:create_environment_hook('command_server_pkg', 'cmake_prefix_path')
[3.183s] INFO:colcon.colcon_core.shell:Creating environment hook '/home/fatmacure/ros2DockerProject/install/command_server_pkg/share/command_server_pkg/hook/cmake_prefix_path.ps1'
[3.183s] INFO:colcon.colcon_core.shell:Creating environment descriptor '/home/fatmacure/ros2DockerProject/install/command_server_pkg/share/command_server_pkg/hook/cmake_prefix_path.dsv'
[3.183s] INFO:colcon.colcon_core.shell:Creating environment hook '/home/fatmacure/ros2DockerProject/install/command_server_pkg/share/command_server_pkg/hook/cmake_prefix_path.sh'
[3.184s] Level 1:colcon.colcon_core.environment:checking '/home/fatmacure/ros2DockerProject/install/command_server_pkg/lib'
[3.184s] Level 1:colcon.colcon_core.shell:create_environment_hook('command_server_pkg', 'ld_library_path_lib')
[3.184s] INFO:colcon.colcon_core.shell:Creating environment hook '/home/fatmacure/ros2DockerProject/install/command_server_pkg/share/command_server_pkg/hook/ld_library_path_lib.ps1'
[3.184s] INFO:colcon.colcon_core.shell:Creating environment descriptor '/home/fatmacure/ros2DockerProject/install/command_server_pkg/share/command_server_pkg/hook/ld_library_path_lib.dsv'
[3.184s] INFO:colcon.colcon_core.shell:Creating environment hook '/home/fatmacure/ros2DockerProject/install/command_server_pkg/share/command_server_pkg/hook/ld_library_path_lib.sh'
[3.184s] Level 1:colcon.colcon_core.environment:checking '/home/fatmacure/ros2DockerProject/install/command_server_pkg/bin'
[3.184s] Level 1:colcon.colcon_core.environment:checking '/home/fatmacure/ros2DockerProject/install/command_server_pkg/lib/pkgconfig/command_server_pkg.pc'
[3.184s] Level 1:colcon.colcon_core.environment:checking '/home/fatmacure/ros2DockerProject/install/command_server_pkg/lib/python3.10/site-packages'
[3.185s] Level 1:colcon.colcon_core.environment:checking '/home/fatmacure/ros2DockerProject/install/command_server_pkg/bin'
[3.185s] INFO:colcon.colcon_core.shell:Creating package script '/home/fatmacure/ros2DockerProject/install/command_server_pkg/share/command_server_pkg/package.ps1'
[3.185s] INFO:colcon.colcon_core.shell:Creating package descriptor '/home/fatmacure/ros2DockerProject/install/command_server_pkg/share/command_server_pkg/package.dsv'
[3.185s] INFO:colcon.colcon_core.shell:Creating package script '/home/fatmacure/ros2DockerProject/install/command_server_pkg/share/command_server_pkg/package.sh'
[3.186s] INFO:colcon.colcon_core.shell:Creating package script '/home/fatmacure/ros2DockerProject/install/command_server_pkg/share/command_server_pkg/package.bash'
[3.186s] INFO:colcon.colcon_core.shell:Creating package script '/home/fatmacure/ros2DockerProject/install/command_server_pkg/share/command_server_pkg/package.zsh'
[3.186s] Level 1:colcon.colcon_core.environment:create_file_with_runtime_dependencies(/home/fatmacure/ros2DockerProject/install/command_server_pkg/share/colcon-core/packages/command_server_pkg)
[3.186s] DEBUG:colcon.colcon_parallel_executor.executor.parallel:closing loop
[3.186s] DEBUG:colcon.colcon_parallel_executor.executor.parallel:loop closed
[3.186s] DEBUG:colcon.colcon_parallel_executor.executor.parallel:run_until_complete finished with '0'
[3.186s] DEBUG:colcon.colcon_core.event_reactor:joining thread
[3.193s] INFO:colcon.colcon_core.plugin_system:Skipping extension 'colcon_notification.desktop_notification.terminal_notifier': Not used on non-Darwin systems
[3.193s] INFO:colcon.colcon_core.plugin_system:Skipping extension 'colcon_notification.desktop_notification.win32': Not used on non-Windows systems
[3.193s] INFO:colcon.colcon_notification.desktop_notification:Sending desktop notification using 'notify2'
[3.201s] DEBUG:colcon.colcon_core.event_reactor:joined thread
[3.201s] INFO:colcon.colcon_core.shell:Creating prefix script '/home/fatmacure/ros2DockerProject/install/local_setup.ps1'
[3.202s] INFO:colcon.colcon_core.shell:Creating prefix util module '/home/fatmacure/ros2DockerProject/install/_local_setup_util_ps1.py'
[3.203s] INFO:colcon.colcon_core.shell:Creating prefix chain script '/home/fatmacure/ros2DockerProject/install/setup.ps1'
[3.203s] INFO:colcon.colcon_core.shell:Creating prefix script '/home/fatmacure/ros2DockerProject/install/local_setup.sh'
[3.204s] INFO:colcon.colcon_core.shell:Creating prefix util module '/home/fatmacure/ros2DockerProject/install/_local_setup_util_sh.py'
[3.205s] INFO:colcon.colcon_core.shell:Creating prefix chain script '/home/fatmacure/ros2DockerProject/install/setup.sh'
[3.206s] INFO:colcon.colcon_core.shell:Creating prefix script '/home/fatmacure/ros2DockerProject/install/local_setup.bash'
[3.206s] INFO:colcon.colcon_core.shell:Creating prefix chain script '/home/fatmacure/ros2DockerProject/install/setup.bash'
[3.207s] INFO:colcon.colcon_core.shell:Creating prefix script '/home/fatmacure/ros2DockerProject/install/local_setup.zsh'
[3.207s] INFO:colcon.colcon_core.shell:Creating prefix chain script '/home/fatmacure/ros2DockerProject/install/setup.zsh'
