[0.014s] Invoking command in '/home/fatmacure/ros2DockerProject/build/command_server_pkg': CMAKE_PREFIX_PATH=${CMAKE_PREFIX_PATH}:/home/fatmacure/ros2_ws/install/ball_chaser:/opt/ros/humble /usr/bin/cmake /home/fatmacure/ros2DockerProject/src/command_server_pkg -DAMENT_CMAKE_SYMLINK_INSTALL=1 -DCMAKE_INSTALL_PREFIX=/home/fatmacure/ros2DockerProject/install/command_server_pkg
[0.169s] -- The C compiler identification is GNU 11.4.0
[0.189s] -- The CXX compiler identification is GNU 11.4.0
[0.199s] -- Detecting C compiler ABI info
[0.261s] -- Detecting C compiler ABI info - done
[0.266s] -- Check for working C compiler: /usr/bin/cc - skipped
[0.266s] -- Detecting C compile features
[0.267s] -- Detecting C compile features - done
[0.269s] -- Detecting CXX compiler ABI info
[0.331s] -- Detecting CXX compiler ABI info - done
[0.337s] -- Check for working CXX compiler: /usr/bin/c++ - skipped
[0.337s] -- Detecting CXX compile features
[0.337s] -- Detecting CXX compile features - done
[0.341s] -- Found ament_cmake: 1.3.12 (/opt/ros/humble/share/ament_cmake/cmake)
[0.444s] -- Found Python3: /usr/bin/python3 (found version "3.10.12") found components: Interpreter 
[0.494s] -- Override CMake install command with custom implementation using symlinks instead of copying resources
[0.522s] -- Found rosidl_default_generators: 1.2.0 (/opt/ros/humble/share/rosidl_default_generators/cmake)
[0.525s] -- Using all available rosidl_typesupport_c: rosidl_typesupport_fastrtps_c;rosidl_typesupport_introspection_c
[0.531s] -- Found rosidl_adapter: 3.1.7 (/opt/ros/humble/share/rosidl_adapter/cmake)
[0.570s] -- Using all available rosidl_typesupport_cpp: rosidl_typesupport_fastrtps_cpp;rosidl_typesupport_introspection_cpp
[0.599s] -- Found rclpy: 3.3.19 (/opt/ros/humble/share/rclpy/cmake)
[0.755s] -- Found ament_cmake_ros: 0.10.0 (/opt/ros/humble/share/ament_cmake_ros/cmake)
[0.884s] -- Using all available rosidl_typesupport_c: rosidl_typesupport_fastrtps_c;rosidl_typesupport_introspection_c
[1.040s] -- Using all available rosidl_typesupport_cpp: rosidl_typesupport_fastrtps_cpp;rosidl_typesupport_introspection_cpp
[1.058s] -- Found PythonInterp: /usr/bin/python3 (found suitable version "3.10.12", minimum required is "3.6") 
[1.059s] -- Found python_cmake_module: 0.10.0 (/opt/ros/humble/share/python_cmake_module/cmake)
[1.081s] -- Found PythonLibs: /usr/lib/x86_64-linux-gnu/libpython3.10.so (found suitable version "3.10.12", minimum required is "3.5") 
[1.081s] -- Using PYTHON_EXECUTABLE: /usr/bin/python3
[1.081s] -- Using PYTHON_INCLUDE_DIRS: /usr/include/python3.10
[1.081s] -- Using PYTHON_LIBRARIES: /usr/lib/x86_64-linux-gnu/libpython3.10.so
[1.098s] -- Found PythonExtra: .so  
[1.129s] -- Configuring done
[1.148s] -- Generating done
[1.153s] -- Build files have been written to: /home/fatmacure/ros2DockerProject/build/command_server_pkg
[1.159s] Invoked command in '/home/fatmacure/ros2DockerProject/build/command_server_pkg' returned '0': CMAKE_PREFIX_PATH=${CMAKE_PREFIX_PATH}:/home/fatmacure/ros2_ws/install/ball_chaser:/opt/ros/humble /usr/bin/cmake /home/fatmacure/ros2DockerProject/src/command_server_pkg -DAMENT_CMAKE_SYMLINK_INSTALL=1 -DCMAKE_INSTALL_PREFIX=/home/fatmacure/ros2DockerProject/install/command_server_pkg
[1.161s] Invoking command in '/home/fatmacure/ros2DockerProject/build/command_server_pkg': CMAKE_PREFIX_PATH=${CMAKE_PREFIX_PATH}:/home/fatmacure/ros2_ws/install/ball_chaser:/opt/ros/humble /usr/bin/cmake --build /home/fatmacure/ros2DockerProject/build/command_server_pkg -- -j16 -l16
[1.192s] [  3%] [34m[1mGenerating C code for ROS interfaces[0m
[1.199s] [  6%] [34m[1mGenerating C++ code for ROS interfaces[0m
[1.205s] [  6%] Built target ament_cmake_python_symlink_command_server_pkg
[1.343s] running egg_info
[1.343s] creating command_server_pkg.egg-info
[1.343s] writing command_server_pkg.egg-info/PKG-INFO
[1.343s] writing dependency_links to command_server_pkg.egg-info/dependency_links.txt
[1.343s] writing top-level names to command_server_pkg.egg-info/top_level.txt
[1.344s] writing manifest file 'command_server_pkg.egg-info/SOURCES.txt'
[1.345s] reading manifest file 'command_server_pkg.egg-info/SOURCES.txt'
[1.345s] writing manifest file 'command_server_pkg.egg-info/SOURCES.txt'
[1.355s] [  6%] Built target command_server_pkg__cpp
[1.357s] [  9%] [32mBuilding C object CMakeFiles/command_server_pkg__rosidl_generator_c.dir/rosidl_generator_c/command_server_pkg/srv/detail/compute_command__functions.c.o[0m
[1.363s] [ 16%] [34m[1mGenerating C++ type support dispatch for ROS interfaces[0m
[1.363s] [ 16%] [34m[1mGenerating C++ type support for eProsima Fast-RTPS[0m
[1.363s] [ 19%] [34m[1mGenerating C++ introspection for ROS interfaces[0m
[1.365s] [ 19%] Built target ament_cmake_python_build_command_server_pkg_egg
[1.418s] [ 22%] [32m[1mLinking C shared library libcommand_server_pkg__rosidl_generator_c.so[0m
[1.448s] [ 22%] Built target command_server_pkg__rosidl_generator_c
[1.455s] [ 29%] [34m[1mGenerating C type support for eProsima Fast-RTPS[0m
[1.455s] [ 29%] [34m[1mGenerating C introspection for ROS interfaces[0m
[1.456s] [ 32%] [34m[1mGenerating C type support dispatch for ROS interfaces[0m
[1.502s] [ 35%] [32mBuilding CXX object CMakeFiles/command_server_pkg__rosidl_typesupport_cpp.dir/rosidl_typesupport_cpp/command_server_pkg/srv/compute_command__type_support.cpp.o[0m
[1.509s] [ 38%] [32mBuilding CXX object CMakeFiles/command_server_pkg__rosidl_typesupport_introspection_cpp.dir/rosidl_typesupport_introspection_cpp/command_server_pkg/srv/detail/compute_command__type_support.cpp.o[0m
[1.523s] [ 41%] [32mBuilding CXX object CMakeFiles/command_server_pkg__rosidl_typesupport_fastrtps_cpp.dir/rosidl_typesupport_fastrtps_cpp/command_server_pkg/srv/detail/dds_fastrtps/compute_command__type_support.cpp.o[0m
[1.596s] [ 45%] [32mBuilding CXX object CMakeFiles/command_server_pkg__rosidl_typesupport_c.dir/rosidl_typesupport_c/command_server_pkg/srv/compute_command__type_support.cpp.o[0m
[1.609s] [ 48%] [32mBuilding C object CMakeFiles/command_server_pkg__rosidl_typesupport_introspection_c.dir/rosidl_typesupport_introspection_c/command_server_pkg/srv/detail/compute_command__type_support.c.o[0m
[1.615s] [ 51%] [32mBuilding CXX object CMakeFiles/command_server_pkg__rosidl_typesupport_fastrtps_c.dir/rosidl_typesupport_fastrtps_c/command_server_pkg/srv/detail/compute_command__type_support_c.cpp.o[0m
[1.619s] [ 54%] [32m[1mLinking CXX shared library libcommand_server_pkg__rosidl_typesupport_c.so[0m
[1.635s] [ 58%] [32m[1mLinking C shared library libcommand_server_pkg__rosidl_typesupport_introspection_c.so[0m
[1.649s] [ 58%] Built target command_server_pkg__rosidl_typesupport_c
[1.658s] [ 58%] Built target command_server_pkg__rosidl_typesupport_introspection_c
[1.680s] [ 61%] [32m[1mLinking CXX shared library libcommand_server_pkg__rosidl_typesupport_cpp.so[0m
[1.712s] [ 61%] Built target command_server_pkg__rosidl_typesupport_cpp
[1.752s] [ 64%] [32m[1mLinking CXX shared library libcommand_server_pkg__rosidl_typesupport_introspection_cpp.so[0m
[1.779s] [ 67%] [32m[1mLinking CXX shared library libcommand_server_pkg__rosidl_typesupport_fastrtps_cpp.so[0m
[1.799s] [ 67%] Built target command_server_pkg__rosidl_typesupport_introspection_cpp
[1.819s] [ 70%] [32m[1mLinking CXX shared library libcommand_server_pkg__rosidl_typesupport_fastrtps_c.so[0m
[1.831s] [ 70%] Built target command_server_pkg__rosidl_typesupport_fastrtps_cpp
[1.869s] [ 70%] Built target command_server_pkg__rosidl_typesupport_fastrtps_c
[1.885s] [ 70%] Built target command_server_pkg
[1.903s] [ 74%] [34m[1mGenerating Python code for ROS interfaces[0m
[2.093s] [ 74%] Built target command_server_pkg__py
[2.111s] [ 77%] [32mBuilding C object CMakeFiles/command_server_pkg__rosidl_generator_py.dir/rosidl_generator_py/command_server_pkg/srv/_compute_command_s.c.o[0m
[2.202s] [ 80%] [32m[1mLinking C shared library rosidl_generator_py/command_server_pkg/libcommand_server_pkg__rosidl_generator_py.so[0m
[2.235s] [ 80%] Built target command_server_pkg__rosidl_generator_py
[2.252s] [ 87%] [32mBuilding C object CMakeFiles/command_server_pkg__rosidl_typesupport_c__pyext.dir/rosidl_generator_py/command_server_pkg/_command_server_pkg_s.ep.rosidl_typesupport_c.c.o[0m
[2.253s] [ 87%] [32mBuilding C object CMakeFiles/command_server_pkg__rosidl_typesupport_fastrtps_c__pyext.dir/rosidl_generator_py/command_server_pkg/_command_server_pkg_s.ep.rosidl_typesupport_fastrtps_c.c.o[0m
[2.253s] [ 90%] [32mBuilding C object CMakeFiles/command_server_pkg__rosidl_typesupport_introspection_c__pyext.dir/rosidl_generator_py/command_server_pkg/_command_server_pkg_s.ep.rosidl_typesupport_introspection_c.c.o[0m
[2.312s] [ 96%] [32m[1mLinking C shared library rosidl_generator_py/command_server_pkg/command_server_pkg_s__rosidl_typesupport_c.cpython-310-x86_64-linux-gnu.so[0m
[2.312s] [ 96%] [32m[1mLinking C shared library rosidl_generator_py/command_server_pkg/command_server_pkg_s__rosidl_typesupport_introspection_c.cpython-310-x86_64-linux-gnu.so[0m
[2.317s] [100%] [32m[1mLinking C shared library rosidl_generator_py/command_server_pkg/command_server_pkg_s__rosidl_typesupport_fastrtps_c.cpython-310-x86_64-linux-gnu.so[0m
[2.335s] [100%] Built target command_server_pkg__rosidl_typesupport_c__pyext
[2.335s] [100%] Built target command_server_pkg__rosidl_typesupport_introspection_c__pyext
[2.343s] [100%] Built target command_server_pkg__rosidl_typesupport_fastrtps_c__pyext
[2.352s] Invoked command in '/home/fatmacure/ros2DockerProject/build/command_server_pkg' returned '0': CMAKE_PREFIX_PATH=${CMAKE_PREFIX_PATH}:/home/fatmacure/ros2_ws/install/ball_chaser:/opt/ros/humble /usr/bin/cmake --build /home/fatmacure/ros2DockerProject/build/command_server_pkg -- -j16 -l16
[2.360s] Invoking command in '/home/fatmacure/ros2DockerProject/build/command_server_pkg': CMAKE_PREFIX_PATH=${CMAKE_PREFIX_PATH}:/home/fatmacure/ros2_ws/install/ball_chaser:/opt/ros/humble /usr/bin/cmake --install /home/fatmacure/ros2DockerProject/build/command_server_pkg
[2.365s] -- Install configuration: ""
[2.366s] -- Execute custom install script
[2.366s] -- Symlinking: /home/fatmacure/ros2DockerProject/install/command_server_pkg/share/ament_index/resource_index/rosidl_interfaces/command_server_pkg
[2.372s] -- Symlinking: /home/fatmacure/ros2DockerProject/install/command_server_pkg/include/command_server_pkg/command_server_pkg/msg/rosidl_generator_c__visibility_control.h
[2.378s] -- Symlinking: /home/fatmacure/ros2DockerProject/install/command_server_pkg/include/command_server_pkg/command_server_pkg/srv/compute_command.h
[2.386s] -- Symlinking: /home/fatmacure/ros2DockerProject/install/command_server_pkg/include/command_server_pkg/command_server_pkg/srv/detail/compute_command__functions.h
[2.394s] -- Symlinking: /home/fatmacure/ros2DockerProject/install/command_server_pkg/include/command_server_pkg/command_server_pkg/srv/detail/compute_command__struct.h
[2.401s] -- Symlinking: /home/fatmacure/ros2DockerProject/install/command_server_pkg/include/command_server_pkg/command_server_pkg/srv/detail/compute_command__type_support.h
[2.408s] -- Symlinking: /home/fatmacure/ros2DockerProject/install/command_server_pkg/share/command_server_pkg/environment/library_path.sh
[2.415s] -- Symlinking: /home/fatmacure/ros2DockerProject/install/command_server_pkg/share/command_server_pkg/environment/library_path.dsv
[2.422s] -- Symlinking: /home/fatmacure/ros2DockerProject/install/command_server_pkg/include/command_server_pkg/command_server_pkg/msg/rosidl_typesupport_fastrtps_c__visibility_control.h
[2.428s] -- Symlinking: /home/fatmacure/ros2DockerProject/install/command_server_pkg/include/command_server_pkg/command_server_pkg/srv/detail/compute_command__rosidl_typesupport_fastrtps_c.h
[2.435s] -- Symlinking: /home/fatmacure/ros2DockerProject/install/command_server_pkg/include/command_server_pkg/command_server_pkg/msg/rosidl_typesupport_introspection_c__visibility_control.h
[2.444s] -- Symlinking: /home/fatmacure/ros2DockerProject/install/command_server_pkg/include/command_server_pkg/command_server_pkg/srv/detail/compute_command__rosidl_typesupport_introspection_c.h
[2.451s] -- Symlinking: /home/fatmacure/ros2DockerProject/install/command_server_pkg/include/command_server_pkg/command_server_pkg/msg/rosidl_generator_cpp__visibility_control.hpp
[2.458s] -- Symlinking: /home/fatmacure/ros2DockerProject/install/command_server_pkg/include/command_server_pkg/command_server_pkg/srv/compute_command.hpp
[2.465s] -- Symlinking: /home/fatmacure/ros2DockerProject/install/command_server_pkg/include/command_server_pkg/command_server_pkg/srv/detail/compute_command__builder.hpp
[2.472s] -- Symlinking: /home/fatmacure/ros2DockerProject/install/command_server_pkg/include/command_server_pkg/command_server_pkg/srv/detail/compute_command__struct.hpp
[2.479s] -- Symlinking: /home/fatmacure/ros2DockerProject/install/command_server_pkg/include/command_server_pkg/command_server_pkg/srv/detail/compute_command__traits.hpp
[2.486s] -- Symlinking: /home/fatmacure/ros2DockerProject/install/command_server_pkg/include/command_server_pkg/command_server_pkg/srv/detail/compute_command__type_support.hpp
[2.496s] -- Symlinking: /home/fatmacure/ros2DockerProject/install/command_server_pkg/include/command_server_pkg/command_server_pkg/msg/rosidl_typesupport_fastrtps_cpp__visibility_control.h
[2.503s] -- Symlinking: /home/fatmacure/ros2DockerProject/install/command_server_pkg/include/command_server_pkg/command_server_pkg/srv/detail/compute_command__rosidl_typesupport_fastrtps_cpp.hpp
[2.509s] -- Symlinking: /home/fatmacure/ros2DockerProject/install/command_server_pkg/include/command_server_pkg/command_server_pkg/srv/detail/compute_command__rosidl_typesupport_introspection_cpp.hpp
[2.516s] -- Symlinking: /home/fatmacure/ros2DockerProject/install/command_server_pkg/share/command_server_pkg/environment/pythonpath.sh
[2.523s] -- Symlinking: /home/fatmacure/ros2DockerProject/install/command_server_pkg/share/command_server_pkg/environment/pythonpath.dsv
[2.529s] -- Symlinking: /home/fatmacure/ros2DockerProject/install/command_server_pkg/local/lib/python3.10/dist-packages/command_server_pkg-0.0.1-py3.10.egg-info/PKG-INFO
[2.537s] -- Symlinking: /home/fatmacure/ros2DockerProject/install/command_server_pkg/local/lib/python3.10/dist-packages/command_server_pkg-0.0.1-py3.10.egg-info/SOURCES.txt
[2.545s] -- Symlinking: /home/fatmacure/ros2DockerProject/install/command_server_pkg/local/lib/python3.10/dist-packages/command_server_pkg-0.0.1-py3.10.egg-info/dependency_links.txt
[2.552s] -- Symlinking: /home/fatmacure/ros2DockerProject/install/command_server_pkg/local/lib/python3.10/dist-packages/command_server_pkg-0.0.1-py3.10.egg-info/top_level.txt
[2.560s] -- Symlinking: /home/fatmacure/ros2DockerProject/install/command_server_pkg/local/lib/python3.10/dist-packages/command_server_pkg/__init__.py
[2.567s] -- Symlinking: /home/fatmacure/ros2DockerProject/install/command_server_pkg/local/lib/python3.10/dist-packages/command_server_pkg/_command_server_pkg_s.ep.rosidl_typesupport_c.c
[2.574s] -- Symlinking: /home/fatmacure/ros2DockerProject/install/command_server_pkg/local/lib/python3.10/dist-packages/command_server_pkg/_command_server_pkg_s.ep.rosidl_typesupport_fastrtps_c.c
[2.580s] -- Symlinking: /home/fatmacure/ros2DockerProject/install/command_server_pkg/local/lib/python3.10/dist-packages/command_server_pkg/_command_server_pkg_s.ep.rosidl_typesupport_introspection_c.c
[2.588s] -- Symlinking: /home/fatmacure/ros2DockerProject/install/command_server_pkg/local/lib/python3.10/dist-packages/command_server_pkg/command_server_pkg_s__rosidl_typesupport_c.cpython-310-x86_64-linux-gnu.so
[2.597s] -- Symlinking: /home/fatmacure/ros2DockerProject/install/command_server_pkg/local/lib/python3.10/dist-packages/command_server_pkg/command_server_pkg_s__rosidl_typesupport_fastrtps_c.cpython-310-x86_64-linux-gnu.so
[2.605s] -- Symlinking: /home/fatmacure/ros2DockerProject/install/command_server_pkg/local/lib/python3.10/dist-packages/command_server_pkg/command_server_pkg_s__rosidl_typesupport_introspection_c.cpython-310-x86_64-linux-gnu.so
[2.612s] -- Symlinking: /home/fatmacure/ros2DockerProject/install/command_server_pkg/local/lib/python3.10/dist-packages/command_server_pkg/libcommand_server_pkg__rosidl_generator_py.so
[2.619s] -- Symlinking: /home/fatmacure/ros2DockerProject/install/command_server_pkg/local/lib/python3.10/dist-packages/command_server_pkg/srv/__init__.py
[2.625s] -- Symlinking: /home/fatmacure/ros2DockerProject/install/command_server_pkg/local/lib/python3.10/dist-packages/command_server_pkg/srv/_compute_command.py
[2.631s] -- Symlinking: /home/fatmacure/ros2DockerProject/install/command_server_pkg/local/lib/python3.10/dist-packages/command_server_pkg/srv/_compute_command_s.c
[2.637s] -- Up-to-date symlink: /home/fatmacure/ros2DockerProject/install/command_server_pkg/local/lib/python3.10/dist-packages/command_server_pkg/command_server_pkg_s__rosidl_typesupport_fastrtps_c.cpython-310-x86_64-linux-gnu.so
[2.638s] -- Up-to-date symlink: /home/fatmacure/ros2DockerProject/install/command_server_pkg/local/lib/python3.10/dist-packages/command_server_pkg/command_server_pkg_s__rosidl_typesupport_introspection_c.cpython-310-x86_64-linux-gnu.so
[2.638s] -- Up-to-date symlink: /home/fatmacure/ros2DockerProject/install/command_server_pkg/local/lib/python3.10/dist-packages/command_server_pkg/command_server_pkg_s__rosidl_typesupport_c.cpython-310-x86_64-linux-gnu.so
[2.638s] -- Symlinking: /home/fatmacure/ros2DockerProject/install/command_server_pkg/share/command_server_pkg/srv/ComputeCommand.idl
[2.646s] -- Symlinking: /home/fatmacure/ros2DockerProject/install/command_server_pkg/share/command_server_pkg/srv/ComputeCommand.srv
[2.652s] -- Symlinking: /home/fatmacure/ros2DockerProject/install/command_server_pkg/share/command_server_pkg/srv/ComputeCommand_Request.msg
[2.660s] -- Symlinking: /home/fatmacure/ros2DockerProject/install/command_server_pkg/share/command_server_pkg/srv/ComputeCommand_Response.msg
[2.666s] -- Symlinking: /home/fatmacure/ros2DockerProject/install/command_server_pkg/share/ament_index/resource_index/package_run_dependencies/command_server_pkg
[2.674s] -- Symlinking: /home/fatmacure/ros2DockerProject/install/command_server_pkg/share/ament_index/resource_index/parent_prefix_path/command_server_pkg
[2.682s] -- Symlinking: /home/fatmacure/ros2DockerProject/install/command_server_pkg/share/command_server_pkg/environment/ament_prefix_path.sh
[2.688s] -- Symlinking: /home/fatmacure/ros2DockerProject/install/command_server_pkg/share/command_server_pkg/environment/ament_prefix_path.dsv
[2.695s] -- Symlinking: /home/fatmacure/ros2DockerProject/install/command_server_pkg/share/command_server_pkg/environment/path.sh
[2.702s] -- Symlinking: /home/fatmacure/ros2DockerProject/install/command_server_pkg/share/command_server_pkg/environment/path.dsv
[2.710s] -- Symlinking: /home/fatmacure/ros2DockerProject/install/command_server_pkg/share/command_server_pkg/local_setup.bash
[2.716s] -- Symlinking: /home/fatmacure/ros2DockerProject/install/command_server_pkg/share/command_server_pkg/local_setup.sh
[2.722s] -- Symlinking: /home/fatmacure/ros2DockerProject/install/command_server_pkg/share/command_server_pkg/local_setup.zsh
[2.729s] -- Symlinking: /home/fatmacure/ros2DockerProject/install/command_server_pkg/share/command_server_pkg/local_setup.dsv
[2.736s] -- Symlinking: /home/fatmacure/ros2DockerProject/install/command_server_pkg/share/command_server_pkg/package.dsv
[2.743s] -- Symlinking: /home/fatmacure/ros2DockerProject/install/command_server_pkg/share/ament_index/resource_index/packages/command_server_pkg
[2.750s] -- Symlinking: /home/fatmacure/ros2DockerProject/install/command_server_pkg/share/command_server_pkg/cmake/rosidl_cmake-extras.cmake
[2.757s] -- Symlinking: /home/fatmacure/ros2DockerProject/install/command_server_pkg/share/command_server_pkg/cmake/ament_cmake_export_include_directories-extras.cmake
[2.764s] -- Symlinking: /home/fatmacure/ros2DockerProject/install/command_server_pkg/share/command_server_pkg/cmake/ament_cmake_export_libraries-extras.cmake
[2.773s] -- Symlinking: /home/fatmacure/ros2DockerProject/install/command_server_pkg/share/command_server_pkg/cmake/ament_cmake_export_targets-extras.cmake
[2.780s] -- Symlinking: /home/fatmacure/ros2DockerProject/install/command_server_pkg/share/command_server_pkg/cmake/rosidl_cmake_export_typesupport_targets-extras.cmake
[2.788s] -- Symlinking: /home/fatmacure/ros2DockerProject/install/command_server_pkg/share/command_server_pkg/cmake/ament_cmake_export_dependencies-extras.cmake
[2.797s] -- Symlinking: /home/fatmacure/ros2DockerProject/install/command_server_pkg/share/command_server_pkg/cmake/rosidl_cmake_export_typesupport_libraries-extras.cmake
[2.804s] -- Symlinking: /home/fatmacure/ros2DockerProject/install/command_server_pkg/share/command_server_pkg/cmake/command_server_pkgConfig.cmake
[2.810s] -- Symlinking: /home/fatmacure/ros2DockerProject/install/command_server_pkg/share/command_server_pkg/cmake/command_server_pkgConfig-version.cmake
[2.817s] -- Symlinking: /home/fatmacure/ros2DockerProject/install/command_server_pkg/share/command_server_pkg/package.xml
[2.825s] -- Installing: /home/fatmacure/ros2DockerProject/install/command_server_pkg/lib/libcommand_server_pkg__rosidl_generator_c.so
[2.825s] -- Set runtime path of "/home/fatmacure/ros2DockerProject/install/command_server_pkg/lib/libcommand_server_pkg__rosidl_generator_c.so" to ""
[2.825s] -- Installing: /home/fatmacure/ros2DockerProject/install/command_server_pkg/lib/libcommand_server_pkg__rosidl_typesupport_fastrtps_c.so
[2.826s] -- Set runtime path of "/home/fatmacure/ros2DockerProject/install/command_server_pkg/lib/libcommand_server_pkg__rosidl_typesupport_fastrtps_c.so" to ""
[2.826s] -- Installing: /home/fatmacure/ros2DockerProject/install/command_server_pkg/lib/libcommand_server_pkg__rosidl_typesupport_introspection_c.so
[2.826s] -- Set runtime path of "/home/fatmacure/ros2DockerProject/install/command_server_pkg/lib/libcommand_server_pkg__rosidl_typesupport_introspection_c.so" to ""
[2.826s] -- Installing: /home/fatmacure/ros2DockerProject/install/command_server_pkg/lib/libcommand_server_pkg__rosidl_typesupport_c.so
[2.826s] -- Set runtime path of "/home/fatmacure/ros2DockerProject/install/command_server_pkg/lib/libcommand_server_pkg__rosidl_typesupport_c.so" to ""
[2.826s] -- Installing: /home/fatmacure/ros2DockerProject/install/command_server_pkg/lib/libcommand_server_pkg__rosidl_typesupport_fastrtps_cpp.so
[2.826s] -- Set runtime path of "/home/fatmacure/ros2DockerProject/install/command_server_pkg/lib/libcommand_server_pkg__rosidl_typesupport_fastrtps_cpp.so" to ""
[2.827s] -- Installing: /home/fatmacure/ros2DockerProject/install/command_server_pkg/lib/libcommand_server_pkg__rosidl_typesupport_introspection_cpp.so
[2.827s] -- Set runtime path of "/home/fatmacure/ros2DockerProject/install/command_server_pkg/lib/libcommand_server_pkg__rosidl_typesupport_introspection_cpp.so" to ""
[2.827s] -- Installing: /home/fatmacure/ros2DockerProject/install/command_server_pkg/lib/libcommand_server_pkg__rosidl_typesupport_cpp.so
[2.827s] -- Set runtime path of "/home/fatmacure/ros2DockerProject/install/command_server_pkg/lib/libcommand_server_pkg__rosidl_typesupport_cpp.so" to ""
[2.849s] Listing '/home/fatmacure/ros2DockerProject/install/command_server_pkg/local/lib/python3.10/dist-packages/command_server_pkg'...
[2.849s] Compiling '/home/fatmacure/ros2DockerProject/install/command_server_pkg/local/lib/python3.10/dist-packages/command_server_pkg/__init__.py'...
[2.849s] Listing '/home/fatmacure/ros2DockerProject/install/command_server_pkg/local/lib/python3.10/dist-packages/command_server_pkg/srv'...
[2.849s] Compiling '/home/fatmacure/ros2DockerProject/install/command_server_pkg/local/lib/python3.10/dist-packages/command_server_pkg/srv/__init__.py'...
[2.849s] Compiling '/home/fatmacure/ros2DockerProject/install/command_server_pkg/local/lib/python3.10/dist-packages/command_server_pkg/srv/_compute_command.py'...
[2.852s] -- Installing: /home/fatmacure/ros2DockerProject/install/command_server_pkg/lib/libcommand_server_pkg__rosidl_generator_py.so
[2.852s] -- Set runtime path of "/home/fatmacure/ros2DockerProject/install/command_server_pkg/lib/libcommand_server_pkg__rosidl_generator_py.so" to ""
[2.852s] -- Installing: /home/fatmacure/ros2DockerProject/install/command_server_pkg/lib/command_server_pkg/command_server
[2.852s] -- Installing: /home/fatmacure/ros2DockerProject/install/command_server_pkg/share/command_server_pkg/cmake/export_command_server_pkg__rosidl_generator_cExport.cmake
[2.852s] -- Installing: /home/fatmacure/ros2DockerProject/install/command_server_pkg/share/command_server_pkg/cmake/export_command_server_pkg__rosidl_generator_cExport-noconfig.cmake
[2.852s] -- Installing: /home/fatmacure/ros2DockerProject/install/command_server_pkg/share/command_server_pkg/cmake/export_command_server_pkg__rosidl_typesupport_fastrtps_cExport.cmake
[2.852s] -- Installing: /home/fatmacure/ros2DockerProject/install/command_server_pkg/share/command_server_pkg/cmake/export_command_server_pkg__rosidl_typesupport_fastrtps_cExport-noconfig.cmake
[2.853s] -- Installing: /home/fatmacure/ros2DockerProject/install/command_server_pkg/share/command_server_pkg/cmake/command_server_pkg__rosidl_typesupport_introspection_cExport.cmake
[2.853s] -- Installing: /home/fatmacure/ros2DockerProject/install/command_server_pkg/share/command_server_pkg/cmake/command_server_pkg__rosidl_typesupport_introspection_cExport-noconfig.cmake
[2.853s] -- Installing: /home/fatmacure/ros2DockerProject/install/command_server_pkg/share/command_server_pkg/cmake/command_server_pkg__rosidl_typesupport_cExport.cmake
[2.853s] -- Installing: /home/fatmacure/ros2DockerProject/install/command_server_pkg/share/command_server_pkg/cmake/command_server_pkg__rosidl_typesupport_cExport-noconfig.cmake
[2.853s] -- Installing: /home/fatmacure/ros2DockerProject/install/command_server_pkg/share/command_server_pkg/cmake/export_command_server_pkg__rosidl_generator_cppExport.cmake
[2.853s] -- Installing: /home/fatmacure/ros2DockerProject/install/command_server_pkg/share/command_server_pkg/cmake/export_command_server_pkg__rosidl_typesupport_fastrtps_cppExport.cmake
[2.853s] -- Installing: /home/fatmacure/ros2DockerProject/install/command_server_pkg/share/command_server_pkg/cmake/export_command_server_pkg__rosidl_typesupport_fastrtps_cppExport-noconfig.cmake
[2.853s] -- Installing: /home/fatmacure/ros2DockerProject/install/command_server_pkg/share/command_server_pkg/cmake/command_server_pkg__rosidl_typesupport_introspection_cppExport.cmake
[2.853s] -- Installing: /home/fatmacure/ros2DockerProject/install/command_server_pkg/share/command_server_pkg/cmake/command_server_pkg__rosidl_typesupport_introspection_cppExport-noconfig.cmake
[2.853s] -- Installing: /home/fatmacure/ros2DockerProject/install/command_server_pkg/share/command_server_pkg/cmake/command_server_pkg__rosidl_typesupport_cppExport.cmake
[2.854s] -- Installing: /home/fatmacure/ros2DockerProject/install/command_server_pkg/share/command_server_pkg/cmake/command_server_pkg__rosidl_typesupport_cppExport-noconfig.cmake
[2.854s] -- Installing: /home/fatmacure/ros2DockerProject/install/command_server_pkg/share/command_server_pkg/cmake/export_command_server_pkg__rosidl_generator_pyExport.cmake
[2.854s] -- Installing: /home/fatmacure/ros2DockerProject/install/command_server_pkg/share/command_server_pkg/cmake/export_command_server_pkg__rosidl_generator_pyExport-noconfig.cmake
[2.856s] Invoked command in '/home/fatmacure/ros2DockerProject/build/command_server_pkg' returned '0': CMAKE_PREFIX_PATH=${CMAKE_PREFIX_PATH}:/home/fatmacure/ros2_ws/install/ball_chaser:/opt/ros/humble /usr/bin/cmake --install /home/fatmacure/ros2DockerProject/build/command_server_pkg
