running develop
running egg_info
creating sensor_publisher_pkg.egg-info
writing sensor_publisher_pkg.egg-info/PKG-INFO
writing dependency_links to sensor_publisher_pkg.egg-info/dependency_links.txt
writing entry points to sensor_publisher_pkg.egg-info/entry_points.txt
writing requirements to sensor_publisher_pkg.egg-info/requires.txt
writing top-level names to sensor_publisher_pkg.egg-info/top_level.txt
writing manifest file 'sensor_publisher_pkg.egg-info/SOURCES.txt'
reading manifest file 'sensor_publisher_pkg.egg-info/SOURCES.txt'
writing manifest file 'sensor_publisher_pkg.egg-info/SOURCES.txt'
running build_ext
Creating /home/fatmacure/ros2DockerProject/install/sensor_publisher_pkg/lib/python3.10/site-packages/sensor-publisher-pkg.egg-link (link to .)
Installing sensor_publisher script to /home/fatmacure/ros2DockerProject/install/sensor_publisher_pkg/lib/sensor_publisher_pkg

Installed /home/fatmacure/ros2DockerProject/build/sensor_publisher_pkg
running symlink_data
creating /home/fatmacure/ros2DockerProject/install/sensor_publisher_pkg/share/ament_index
creating /home/fatmacure/ros2DockerProject/install/sensor_publisher_pkg/share/ament_index/resource_index
creating /home/fatmacure/ros2DockerProject/install/sensor_publisher_pkg/share/ament_index/resource_index/packages
symbolically linking /home/fatmacure/ros2DockerProject/build/sensor_publisher_pkg/resource/sensor_publisher_pkg -> /home/fatmacure/ros2DockerProject/install/sensor_publisher_pkg/share/ament_index/resource_index/packages
symbolically linking /home/fatmacure/ros2DockerProject/build/sensor_publisher_pkg/package.xml -> /home/fatmacure/ros2DockerProject/install/sensor_publisher_pkg/share/sensor_publisher_pkg
