[0.583s] Invoking command in '/home/fatmacure/ros2DockerProject/build/data_processor_pkg': PYTHONPATH=/home/fatmacure/ros2DockerProject/build/data_processor_pkg/prefix_override:/usr/lib/python3/dist-packages/colcon_core/task/python/colcon_distutils_commands:/home/fatmacure/ros2DockerProject/install/data_processor_pkg/lib/python3.10/site-packages:${PYTHONPATH} /usr/bin/python3 -W ignore:setup.py install is deprecated -W ignore:easy_install command is deprecated setup.py develop --editable --build-directory /home/fatmacure/ros2DockerProject/build/data_processor_pkg/build --no-deps symlink_data
[0.721s] running develop
[0.802s] running egg_info
[0.802s] creating data_processor_pkg.egg-info
[0.802s] writing data_processor_pkg.egg-info/PKG-INFO
[0.802s] writing dependency_links to data_processor_pkg.egg-info/dependency_links.txt
[0.802s] writing entry points to data_processor_pkg.egg-info/entry_points.txt
[0.802s] writing requirements to data_processor_pkg.egg-info/requires.txt
[0.802s] writing top-level names to data_processor_pkg.egg-info/top_level.txt
[0.802s] writing manifest file 'data_processor_pkg.egg-info/SOURCES.txt'
[0.803s] reading manifest file 'data_processor_pkg.egg-info/SOURCES.txt'
[0.803s] writing manifest file 'data_processor_pkg.egg-info/SOURCES.txt'
[0.804s] running build_ext
[0.804s] Creating /home/fatmacure/ros2DockerProject/install/data_processor_pkg/lib/python3.10/site-packages/data-processor-pkg.egg-link (link to .)
[0.805s] Installing data_processor script to /home/fatmacure/ros2DockerProject/install/data_processor_pkg/lib/data_processor_pkg
[0.805s] 
[0.805s] Installed /home/fatmacure/ros2DockerProject/build/data_processor_pkg
[0.805s] running symlink_data
[0.805s] creating /home/fatmacure/ros2DockerProject/install/data_processor_pkg/share/ament_index
[0.805s] creating /home/fatmacure/ros2DockerProject/install/data_processor_pkg/share/ament_index/resource_index
[0.805s] creating /home/fatmacure/ros2DockerProject/install/data_processor_pkg/share/ament_index/resource_index/packages
[0.805s] symbolically linking /home/fatmacure/ros2DockerProject/build/data_processor_pkg/resource/data_processor_pkg -> /home/fatmacure/ros2DockerProject/install/data_processor_pkg/share/ament_index/resource_index/packages
[0.805s] symbolically linking /home/fatmacure/ros2DockerProject/build/data_processor_pkg/package.xml -> /home/fatmacure/ros2DockerProject/install/data_processor_pkg/share/data_processor_pkg
[0.838s] Invoked command in '/home/fatmacure/ros2DockerProject/build/data_processor_pkg' returned '0': PYTHONPATH=/home/fatmacure/ros2DockerProject/build/data_processor_pkg/prefix_override:/usr/lib/python3/dist-packages/colcon_core/task/python/colcon_distutils_commands:/home/fatmacure/ros2DockerProject/install/data_processor_pkg/lib/python3.10/site-packages:${PYTHONPATH} /usr/bin/python3 -W ignore:setup.py install is deprecated -W ignore:easy_install command is deprecated setup.py develop --editable --build-directory /home/fatmacure/ros2DockerProject/build/data_processor_pkg/build --no-deps symlink_data
